['is', 'this', 'a', '16', 'week', 'course']
['16', 'week']
['does', 'project', '1', 'released', 'on', 'week', '3']
['week', '3']
['is', 'project', '1', 'due', 'on', 'week', '6']
['week', '6']
['do', 'i', 'due', 'projects', 'to', 'canvas']
['can', 'i', 'begin', 'assignment', '1', 'in', 'week', '6']
['week', '6']
['do', 'i', 'have', '1', 'week', 'to', 'due', 'assignment', '1']
['1', 'week']
['is', 'there', 'a', 'midterm']
[]
['is', 'the', 'final', 'occurs', 'week', '9']
['do', 'i', 'need', 'to', 'check', 'piazza', 'everyday']
['do', 'i', 'due', 'in', 'my', 'project', 'as', 'a', 'pdf']
['do', 'i', 'due', 'in', 'my', 'assignments', 'as', 'zip', 'file']
['are', 'there', '2', 'projects']
['2']
['is', 'the', 'midterm', 'after', 'assignment', '1']
2
4
['will', 'i', 'have', '3', 'week', 'to', 'due', 'project', '1']
['3', 'week']
['can', 'i', 'have', '4', 'week', 'to', 'due', 'project', '1']
['4', 'week']
['can', 'i', 'begin', 'project', '1', 'in', 'week', '2']
['week', '2']
['do', 'i', 'need', 'to', 'check', 'piazza', 'daily']
['will', 'i', 'learn', 'human', 'cognition']
['is', 'project', '1', 'worth', '15%']
['is', 'assignment', '1', 'worth', '20%']
['does', 'this', 'course', 'teach', 'knowledge-based', 'ai']
['are', 'projects', 'released', 'on', 'canvas']
['does', 'this', 'course', 'have', 'projects', 'and', 'assignments']
['is', 'there', 'a', 'final', 'in', 'this', 'course']
3
6
['are', 'there', 'many', 'projects']
['many']
['can', 'i', 'due', 'projects', 'to', 'piazza']
['should', 'i', 'code', 'my', 'projects', 'in', 'python']
['does', 'project', '1', 'contribute', '15%', 'to', 'my', 'grade']
['do', 'i', 'need', 'to', 'write', 'a', 'report', 'for', 'project', '1']
6
8
['do', 'i', 'need', 'to', 'check', 'piazza', 'regularly']
['if', 'i', 'due', 'in', 'project', '1', 'late', 'do', 'i', 'begin', 'credit']
['is', 'piazza', 'the', 'preferred', 'method', 'of', 'collaboration']
