assignment 4 RELEASEDATE
assignment 1 RELEASEDATE
project 1 RELEASEDATE
assignment 2 RELEASEDATE
midterm RELEASEDATE
project 2 RELEASEDATE
assignment 3 RELEASEDATE
project 3 RELEASEDATE
final RELEASEDATE
assignment 1 DUEDATE
project 1 DUEDATE
assignment 2 DUEDATE
midterm DUEDATE
project 2 DUEDATE
assignment 3 DUEDATE
project 3 DUEDATE
final DUEDATE
assignment 1 DURATION
project 1 DURATION
assignment 2 DURATION
midterm DURATION
project 2 DURATION
assignment 3 DURATION
project 3 DURATION
final DURATION
assignment 1 WEIGHT
project 1 WEIGHT
assignment 2 WEIGHT
midterm WEIGHT
project 2 WEIGHT
assignment 3 WEIGHT
project 3 WEIGHT
final WEIGHT
assignment 1 PROCESS
project 1 PROCESS
assignment 2 PROCESS
midterm PROCESS
project 2 PROCESS
assignment 3 PROCESS
project 3 PROCESS
final PROCESS
 PROCESS
 PROCESS
 PROCESS
 PROCESS
 WEIGHT
 PROCESS
 PROCESS
second project PROCESS
second midterm DUEDATE
 PROCESS
first final WEIGHT
 PROCESS
 PROCESS
 PROCESS
 WEIGHT
 PROCESS
 PROCESS
projects PROCESS
assignment 1 RELEASEDATE
assignment 1 RELEASEDATE
midterm RELEASEDATE
final RELEASEDATE
final RELEASEDATE
final DUEDATE
final RELEASEDATE
final RELEASEDATE
final DUEDATE
 RELEASEDATE
 DUEDATE
 DUEDATE
 RELEASEDATE
 RELEASEDATE
 DUEDATE
 RELEASEDATE
 PROCESS
 RELEASEDATE
 PROCESS
project WEIGHT
project WEIGHT
project DUEDATE
project WEIGHT
